2020-10-03 23:17:37

2020-10-03 23:17:42
SELECT * FROM tipodevehiculo;
2020-10-03 23:17:42
SELECT idChofer,nombre,Apellido FROM acercarlogistca.chofer where flagBaja=1
2020-10-03 23:17:42
SELECT * FROM acercarlogistca.viaje where Chofer_idChofer=0 and estado='PENDIENTE';
2020-10-03 23:17:42
SELECT * FROM acercarlogistca.viaje where Chofer_idChofer!=0;
2020-10-03 23:17:55

2020-10-03 23:17:58
SELECT * FROM tipodevehiculo;
2020-10-03 23:17:58
SELECT idChofer,nombre,Apellido FROM acercarlogistca.chofer where flagBaja=1
2020-10-03 23:17:58
SELECT * FROM acercarlogistca.viaje where Chofer_idChofer=0 and estado='PENDIENTE';
2020-10-03 23:17:58
SELECT * FROM acercarlogistca.viaje where Chofer_idChofer!=0;
2020-10-03 23:18:17

2020-10-03 23:18:21
UPDATE viaje SET Chofer_idChofer = WHERE idViaje in(120);
2020-10-03 23:18:21
SELECT * FROM tipodevehiculo;
2020-10-03 23:18:21
SELECT idChofer,nombre,Apellido FROM acercarlogistca.chofer where flagBaja=1
2020-10-03 23:18:21
SELECT * FROM acercarlogistca.viaje where Chofer_idChofer=0 and estado='PENDIENTE';
2020-10-03 23:18:21
SELECT * FROM acercarlogistca.viaje where Chofer_idChofer!=0;
2020-10-03 23:19:20
SELECT c.idChofer,c.nombre,c.Apellido,c.disponibilidad,t.descripcion, count(vi.idViaje) as cant
				FROM chofer c 
				join vehiculo v on c.idVehiculo=v.idVehiculo
				join tipodevehiculo t on v.idTipoDeVehiculo=t.idTipoDeVehiculo
				left join viaje vi on vi.Chofer_idChofer=c.idChofer
				where c.flagBaja=1
				group by c.idChofer
				order by fecha_ultima_disponibilidad asc
2020-10-03 23:19:20
SELECT * FROM acercarlogistca.viaje where Chofer_idChofer=0 and estado='PENDIENTE';
2020-10-03 23:22:45
SELECT c.idChofer,c.nombre,c.Apellido,c.disponibilidad,t.descripcion, count(vi.idViaje) as cant
				FROM chofer c 
				join vehiculo v on c.idVehiculo=v.idVehiculo
				join tipodevehiculo t on v.idTipoDeVehiculo=t.idTipoDeVehiculo
				left join viaje vi on vi.Chofer_idChofer=c.idChofer
				where c.flagBaja=1
				group by c.idChofer
				order by fecha_ultima_disponibilidad asc
2020-10-03 23:22:45
SELECT * FROM acercarlogistca.viaje where Chofer_idChofer=0 and estado='PENDIENTE';
2020-10-03 23:23:17
UPDATE chofer
				SET disponibilidad = 1,
				fecha_ultima_disponibilidad = now()
				WHERE idChofer = 10;
2020-10-03 23:23:19
SELECT c.idChofer,c.nombre,c.Apellido,c.disponibilidad,t.descripcion, count(vi.idViaje) as cant
				FROM chofer c 
				join vehiculo v on c.idVehiculo=v.idVehiculo
				join tipodevehiculo t on v.idTipoDeVehiculo=t.idTipoDeVehiculo
				left join viaje vi on vi.Chofer_idChofer=c.idChofer
				where c.flagBaja=1
				group by c.idChofer
				order by fecha_ultima_disponibilidad asc
2020-10-03 23:23:19
SELECT * FROM acercarlogistca.viaje where Chofer_idChofer=0 and estado='PENDIENTE';
2020-10-03 23:25:03
SELECT c.idChofer,c.nombre,c.Apellido,c.disponibilidad,t.descripcion, count(vi.idViaje) as cant
				FROM chofer c 
				join vehiculo v on c.idVehiculo=v.idVehiculo
				join tipodevehiculo t on v.idTipoDeVehiculo=t.idTipoDeVehiculo
				left join viaje vi on vi.Chofer_idChofer=c.idChofer
				where c.flagBaja=1
				group by c.idChofer
				order by fecha_ultima_disponibilidad asc
2020-10-03 23:25:03
SELECT * FROM acercarlogistca.viaje where Chofer_idChofer=0 and estado='PENDIENTE';
2020-10-03 23:27:04
SELECT c.idChofer,c.nombre,c.Apellido,c.disponibilidad,t.descripcion, count(vi.idViaje) as cant
				FROM chofer c 
				join vehiculo v on c.idVehiculo=v.idVehiculo
				join tipodevehiculo t on v.idTipoDeVehiculo=t.idTipoDeVehiculo
				left join viaje vi on vi.Chofer_idChofer=c.idChofer
				where c.flagBaja=1
				group by c.idChofer
				order by fecha_ultima_disponibilidad asc
2020-10-03 23:27:04
SELECT * FROM acercarlogistca.viaje where Chofer_idChofer=0 and estado='PENDIENTE';
2020-10-03 23:29:01
SELECT c.idChofer,c.nombre,c.Apellido,c.disponibilidad,t.descripcion, count(vi.idViaje) as cant
				FROM chofer c 
				join vehiculo v on c.idVehiculo=v.idVehiculo
				join tipodevehiculo t on v.idTipoDeVehiculo=t.idTipoDeVehiculo
				left join viaje vi on vi.Chofer_idChofer=c.idChofer
				where c.flagBaja=1
				group by c.idChofer
				order by fecha_ultima_disponibilidad asc
2020-10-03 23:29:01
SELECT * FROM acercarlogistca.viaje where Chofer_idChofer=0 and estado='PENDIENTE';
2020-10-03 23:29:49
UPDATE chofer
				SET disponibilidad = 1,
				fecha_ultima_disponibilidad = now(),
				viaje_en_curso = 0
				WHERE idChofer = 12;
2020-10-03 23:29:49
SELECT c.idChofer,c.nombre,c.Apellido,c.disponibilidad,t.descripcion, count(vi.idViaje) as cant
				FROM chofer c 
				join vehiculo v on c.idVehiculo=v.idVehiculo
				join tipodevehiculo t on v.idTipoDeVehiculo=t.idTipoDeVehiculo
				left join viaje vi on vi.Chofer_idChofer=c.idChofer
				where c.flagBaja=1
				group by c.idChofer
				order by fecha_ultima_disponibilidad asc
2020-10-03 23:29:49
SELECT * FROM acercarlogistca.viaje where Chofer_idChofer=0 and estado='PENDIENTE';
2020-10-03 23:30:52
UPDATE viaje SET Chofer_idChofer =8,estado ='ASIGNADO' WHERE idViaje in(112);
2020-10-03 23:30:52
UPDATE chofer
				SET disponibilidad = 1,
				fecha_ultima_disponibilidad = now(),
				WHERE idChofer = 8;
2020-10-03 23:30:52
SELECT c.idChofer,c.nombre,c.Apellido,c.disponibilidad,t.descripcion, count(vi.idViaje) as cant
				FROM chofer c 
				join vehiculo v on c.idVehiculo=v.idVehiculo
				join tipodevehiculo t on v.idTipoDeVehiculo=t.idTipoDeVehiculo
				left join viaje vi on vi.Chofer_idChofer=c.idChofer
				where c.flagBaja=1
				group by c.idChofer
				order by fecha_ultima_disponibilidad asc
2020-10-03 23:30:52
SELECT * FROM acercarlogistca.viaje where Chofer_idChofer=0 and estado='PENDIENTE';
2020-10-03 23:31:00
UPDATE viaje SET Chofer_idChofer =8,estado ='ASIGNADO' WHERE idViaje in(115);
2020-10-03 23:31:00
UPDATE chofer
				SET disponibilidad = 1,
				fecha_ultima_disponibilidad = now(),
				WHERE idChofer = 8;
2020-10-03 23:31:01
SELECT c.idChofer,c.nombre,c.Apellido,c.disponibilidad,t.descripcion, count(vi.idViaje) as cant
				FROM chofer c 
				join vehiculo v on c.idVehiculo=v.idVehiculo
				join tipodevehiculo t on v.idTipoDeVehiculo=t.idTipoDeVehiculo
				left join viaje vi on vi.Chofer_idChofer=c.idChofer
				where c.flagBaja=1
				group by c.idChofer
				order by fecha_ultima_disponibilidad asc
2020-10-03 23:31:01
SELECT * FROM acercarlogistca.viaje where Chofer_idChofer=0 and estado='PENDIENTE';
2020-10-04 21:15:39
SELECT c.idChofer,c.nombre,c.Apellido,c.disponibilidad,t.descripcion, count(vi.idViaje) as cant
				FROM chofer c 
				join vehiculo v on c.idVehiculo=v.idVehiculo
				join tipodevehiculo t on v.idTipoDeVehiculo=t.idTipoDeVehiculo
				left join viaje vi on vi.Chofer_idChofer=c.idChofer
				where c.flagBaja=1
				group by c.idChofer
				order by fecha_ultima_disponibilidad asc
2020-10-04 21:15:39
SELECT * FROM acercarlogistca.viaje where Chofer_idChofer=0 and estado='PENDIENTE';
2020-10-04 21:17:51
UPDATE chofer
				SET disponibilidad = 1,
				fecha_ultima_disponibilidad = now()
				WHERE idChofer = 9;
2020-10-04 21:17:53
SELECT c.idChofer,c.nombre,c.Apellido,c.disponibilidad,t.descripcion, count(vi.idViaje) as cant
				FROM chofer c 
				join vehiculo v on c.idVehiculo=v.idVehiculo
				join tipodevehiculo t on v.idTipoDeVehiculo=t.idTipoDeVehiculo
				left join viaje vi on vi.Chofer_idChofer=c.idChofer
				where c.flagBaja=1
				group by c.idChofer
				order by fecha_ultima_disponibilidad asc
2020-10-04 21:17:53
SELECT * FROM acercarlogistca.viaje where Chofer_idChofer=0 and estado='PENDIENTE';
2020-10-04 21:31:32
SELECT c.idChofer,c.nombre,c.Apellido,c.disponibilidad,t.descripcion, count(vi.idViaje) as cant
				FROM chofer c 
				join vehiculo v on c.idVehiculo=v.idVehiculo
				join tipodevehiculo t on v.idTipoDeVehiculo=t.idTipoDeVehiculo
				left join viaje vi on vi.Chofer_idChofer=c.idChofer
				where c.flagBaja=1
				group by c.idChofer
				order by fecha_ultima_disponibilidad asc
2020-10-04 21:31:32
SELECT * FROM acercarlogistca.viaje where Chofer_idChofer=0 and estado='PENDIENTE';
2020-10-04 21:31:37
UPDATE viaje SET Chofer_idChofer =1,estado ='ASIGNADO' WHERE idViaje in(113);
2020-10-04 21:31:37
UPDATE chofer
				SET disponibilidad = 1,
				fecha_ultima_disponibilidad = now(),
				WHERE idChofer = 1;
2020-10-04 21:31:37
SELECT c.idChofer,c.nombre,c.Apellido,c.disponibilidad,t.descripcion, count(vi.idViaje) as cant
				FROM chofer c 
				join vehiculo v on c.idVehiculo=v.idVehiculo
				join tipodevehiculo t on v.idTipoDeVehiculo=t.idTipoDeVehiculo
				left join viaje vi on vi.Chofer_idChofer=c.idChofer
				where c.flagBaja=1
				group by c.idChofer
				order by fecha_ultima_disponibilidad asc
2020-10-04 21:31:37
SELECT * FROM acercarlogistca.viaje where Chofer_idChofer=0 and estado='PENDIENTE';
2020-10-04 21:31:56
SELECT c.idChofer,c.nombre,c.Apellido,c.disponibilidad,t.descripcion, count(vi.idViaje) as cant
				FROM chofer c 
				join vehiculo v on c.idVehiculo=v.idVehiculo
				join tipodevehiculo t on v.idTipoDeVehiculo=t.idTipoDeVehiculo
				left join viaje vi on vi.Chofer_idChofer=c.idChofer
				where c.flagBaja=1
				group by c.idChofer
				order by fecha_ultima_disponibilidad asc
2020-10-04 21:31:56
SELECT * FROM acercarlogistca.viaje where Chofer_idChofer=0 and estado='PENDIENTE';
2020-10-04 21:32:02
UPDATE viaje SET Chofer_idChofer =1,estado ='ASIGNADO' WHERE idViaje in(114);
2020-10-04 21:32:02
UPDATE chofer
				SET disponibilidad = 1,
				fecha_ultima_disponibilidad = now(),
				WHERE idChofer = 1;
2020-10-04 21:32:04
SELECT c.idChofer,c.nombre,c.Apellido,c.disponibilidad,t.descripcion, count(vi.idViaje) as cant
				FROM chofer c 
				join vehiculo v on c.idVehiculo=v.idVehiculo
				join tipodevehiculo t on v.idTipoDeVehiculo=t.idTipoDeVehiculo
				left join viaje vi on vi.Chofer_idChofer=c.idChofer
				where c.flagBaja=1
				group by c.idChofer
				order by fecha_ultima_disponibilidad asc
2020-10-04 21:32:04
SELECT * FROM acercarlogistca.viaje where Chofer_idChofer=0 and estado='PENDIENTE';
2020-10-04 21:45:50
SELECT c.idChofer,c.nombre,c.Apellido,c.disponibilidad,t.descripcion, count(vi.idViaje) as cant
				FROM chofer c 
				join vehiculo v on c.idVehiculo=v.idVehiculo
				join tipodevehiculo t on v.idTipoDeVehiculo=t.idTipoDeVehiculo
				left join viaje vi on vi.Chofer_idChofer=c.idChofer
				where c.flagBaja=1
				group by c.idChofer
				order by fecha_ultima_disponibilidad asc
2020-10-04 21:45:50
SELECT * FROM acercarlogistca.viaje where Chofer_idChofer=0 and estado='PENDIENTE';
2020-10-04 21:45:56
UPDATE viaje SET Chofer_idChofer =1,estado ='ASIGNADO' WHERE idViaje in(116);
2020-10-04 21:45:56
UPDATE chofer
				SET disponibilidad = 1,
				fecha_ultima_disponibilidad = now(),
				WHERE idChofer = 1;
2020-10-04 21:45:59
SELECT c.idChofer,c.nombre,c.Apellido,c.disponibilidad,t.descripcion, count(vi.idViaje) as cant
				FROM chofer c 
				join vehiculo v on c.idVehiculo=v.idVehiculo
				join tipodevehiculo t on v.idTipoDeVehiculo=t.idTipoDeVehiculo
				left join viaje vi on vi.Chofer_idChofer=c.idChofer
				where c.flagBaja=1
				group by c.idChofer
				order by fecha_ultima_disponibilidad asc
2020-10-04 21:45:59
SELECT * FROM acercarlogistca.viaje where Chofer_idChofer=0 and estado='PENDIENTE';
2020-10-04 21:46:37
UPDATE viaje SET Chofer_idChofer =1,estado ='ASIGNADO' WHERE idViaje in(117);
2020-10-04 21:46:37
UPDATE chofer
				SET disponibilidad = 1,
				fecha_ultima_disponibilidad = now(),
				WHERE idChofer = 1;
2020-10-04 21:46:39
SELECT c.idChofer,c.nombre,c.Apellido,c.disponibilidad,t.descripcion, count(vi.idViaje) as cant
				FROM chofer c 
				join vehiculo v on c.idVehiculo=v.idVehiculo
				join tipodevehiculo t on v.idTipoDeVehiculo=t.idTipoDeVehiculo
				left join viaje vi on vi.Chofer_idChofer=c.idChofer
				where c.flagBaja=1
				group by c.idChofer
				order by fecha_ultima_disponibilidad asc
2020-10-04 21:46:39
SELECT * FROM acercarlogistca.viaje where Chofer_idChofer=0 and estado='PENDIENTE';
2020-10-04 21:47:04
UPDATE viaje SET Chofer_idChofer =2,estado ='ASIGNADO' WHERE idViaje in(118);
2020-10-04 21:47:04
UPDATE chofer
				SET disponibilidad = 1,
				fecha_ultima_disponibilidad = now(),
				WHERE idChofer = 2;
2020-10-04 21:48:32
SELECT c.idChofer,c.nombre,c.Apellido,c.disponibilidad,t.descripcion, count(vi.idViaje) as cant
				FROM chofer c 
				join vehiculo v on c.idVehiculo=v.idVehiculo
				join tipodevehiculo t on v.idTipoDeVehiculo=t.idTipoDeVehiculo
				left join viaje vi on vi.Chofer_idChofer=c.idChofer
				where c.flagBaja=1
				group by c.idChofer
				order by fecha_ultima_disponibilidad asc
2020-10-04 21:48:32
SELECT * FROM acercarlogistca.viaje where Chofer_idChofer=0 and estado='PENDIENTE';
2020-10-04 21:48:42
UPDATE viaje SET Chofer_idChofer =2,estado ='ASIGNADO' WHERE idViaje in(119);
2020-10-04 21:48:42
UPDATE chofer
				SET disponibilidad = 1,
				fecha_ultima_disponibilidad = now(),
				WHERE idChofer = 2;
2020-10-04 21:48:42
UPDATE chofer
				SET disponibilidad = -1,
				fecha_ultima_disponibilidad = now()
				WHERE idChofer = 2;
2020-10-04 21:48:44
SELECT c.idChofer,c.nombre,c.Apellido,c.disponibilidad,t.descripcion, count(vi.idViaje) as cant
				FROM chofer c 
				join vehiculo v on c.idVehiculo=v.idVehiculo
				join tipodevehiculo t on v.idTipoDeVehiculo=t.idTipoDeVehiculo
				left join viaje vi on vi.Chofer_idChofer=c.idChofer
				where c.flagBaja=1
				group by c.idChofer
				order by fecha_ultima_disponibilidad asc
2020-10-04 21:48:44
SELECT * FROM acercarlogistca.viaje where Chofer_idChofer=0 and estado='PENDIENTE';
2020-10-04 21:50:08
SELECT * FROM cliente where estado=1;
2020-10-04 21:50:08
SELECT * FROM servicio where estado =1;
2020-10-04 21:50:08
SELECT * FROM tipodevehiculo;
2020-10-04 21:51:57
SELECT listaPrecio FROM cliente where idCliente=2 limit 1;
2020-10-04 21:51:57
SELECT * FROM precio where lista=1 and idServicio=1 and idTipoVehiculo=1 limit 1;
2020-10-04 21:52:09
SELECT listaPrecio FROM cliente where idCliente=2 limit 1;
2020-10-04 21:52:09
SELECT * FROM precio where lista=1 and idServicio=1 and idTipoVehiculo=1 limit 1;
2020-10-04 21:52:09
INSERT INTO viaje
	(fecha,comisionPaga,valorViaje,Servicio_idServicio,Chofer_idChofer,idClliente,hora,km,estado,tipoVehiculo)
	VALUES('2020-10-05',0,223.8,1,0,2,'17:51',7.19,'PENDIENTE',1);
2020-10-04 21:52:09
select max(idViaje) from viaje;
2020-10-04 21:52:09
INSERT INTO direccionesviaje(calle,numero,piso,departamento,localidad,provincia,Viaje_idViaje,latitud,longitud) VALUES('Condarco',2190,'','','ciudad autonoma de buenos aires','buenos aires',121,'-34.6083263','-58.480368');
2020-10-04 21:52:09
INSERT INTO direccionesviaje(calle,numero,piso,departamento,localidad,provincia,Viaje_idViaje,latitud,longitud) VALUES('rivadavia',2702,'','','Ciudad Autonoma de Buenos Aires','Buenos Aires',121,'-34.5668181','-58.453875');
2020-10-04 21:52:09
SELECT * FROM cliente where estado=1;
2020-10-04 21:52:09
SELECT * FROM servicio where estado =1;
2020-10-04 21:52:09
SELECT * FROM tipodevehiculo;
2020-10-04 21:52:14
SELECT c.idChofer,c.nombre,c.Apellido,c.disponibilidad,t.descripcion, count(vi.idViaje) as cant
				FROM chofer c 
				join vehiculo v on c.idVehiculo=v.idVehiculo
				join tipodevehiculo t on v.idTipoDeVehiculo=t.idTipoDeVehiculo
				left join viaje vi on vi.Chofer_idChofer=c.idChofer
				where c.flagBaja=1
				group by c.idChofer
				order by fecha_ultima_disponibilidad asc
2020-10-04 21:52:14
SELECT * FROM acercarlogistca.viaje where Chofer_idChofer=0 and estado='PENDIENTE';
2020-10-04 21:52:24
UPDATE viaje SET Chofer_idChofer =1,estado ='ASIGNADO' WHERE idViaje in(121);
2020-10-04 21:52:24
UPDATE chofer
				SET disponibilidad = 1,
				fecha_ultima_disponibilidad = now(),
				WHERE idChofer = 1;
2020-10-04 21:52:24
UPDATE chofer
				SET disponibilidad = -1,
				fecha_ultima_disponibilidad = now()
				WHERE idChofer = 1;
2020-10-04 21:52:27
SELECT c.idChofer,c.nombre,c.Apellido,c.disponibilidad,t.descripcion, count(vi.idViaje) as cant
				FROM chofer c 
				join vehiculo v on c.idVehiculo=v.idVehiculo
				join tipodevehiculo t on v.idTipoDeVehiculo=t.idTipoDeVehiculo
				left join viaje vi on vi.Chofer_idChofer=c.idChofer
				where c.flagBaja=1
				group by c.idChofer
				order by fecha_ultima_disponibilidad asc
2020-10-04 21:52:27
SELECT c.idChofer,c.nombre,c.Apellido,c.disponibilidad,t.descripcion, count(vi.idViaje) as cant
				FROM chofer c 
				join vehiculo v on c.idVehiculo=v.idVehiculo
				join tipodevehiculo t on v.idTipoDeVehiculo=t.idTipoDeVehiculo
				left join viaje vi on vi.Chofer_idChofer=c.idChofer
				where c.flagBaja=1
				group by c.idChofer
				order by fecha_ultima_disponibilidad asc
2020-10-04 21:52:27
SELECT * FROM acercarlogistca.viaje where Chofer_idChofer=0 and estado='PENDIENTE';
2020-10-04 21:52:27
SELECT * FROM acercarlogistca.viaje where Chofer_idChofer=0 and estado='PENDIENTE';
2020-10-04 21:52:51
UPDATE chofer
				SET disponibilidad = 1,
				fecha_ultima_disponibilidad = now()
				WHERE idChofer = 7;
2020-10-04 21:52:52
SELECT c.idChofer,c.nombre,c.Apellido,c.disponibilidad,t.descripcion, count(vi.idViaje) as cant
				FROM chofer c 
				join vehiculo v on c.idVehiculo=v.idVehiculo
				join tipodevehiculo t on v.idTipoDeVehiculo=t.idTipoDeVehiculo
				left join viaje vi on vi.Chofer_idChofer=c.idChofer
				where c.flagBaja=1
				group by c.idChofer
				order by fecha_ultima_disponibilidad asc
2020-10-04 21:52:52
SELECT * FROM acercarlogistca.viaje where Chofer_idChofer=0 and estado='PENDIENTE';
2020-10-04 21:52:55
UPDATE chofer
				SET disponibilidad = 1,
				fecha_ultima_disponibilidad = now()
				WHERE idChofer = 10;
2020-10-04 21:52:57
SELECT c.idChofer,c.nombre,c.Apellido,c.disponibilidad,t.descripcion, count(vi.idViaje) as cant
				FROM chofer c 
				join vehiculo v on c.idVehiculo=v.idVehiculo
				join tipodevehiculo t on v.idTipoDeVehiculo=t.idTipoDeVehiculo
				left join viaje vi on vi.Chofer_idChofer=c.idChofer
				where c.flagBaja=1
				group by c.idChofer
				order by fecha_ultima_disponibilidad asc
2020-10-04 21:52:57
SELECT * FROM acercarlogistca.viaje where Chofer_idChofer=0 and estado='PENDIENTE';
2020-10-04 21:53:02
UPDATE chofer
				SET disponibilidad = 1,
				fecha_ultima_disponibilidad = now()
				WHERE idChofer = 1;
2020-10-04 21:53:03
SELECT c.idChofer,c.nombre,c.Apellido,c.disponibilidad,t.descripcion, count(vi.idViaje) as cant
				FROM chofer c 
				join vehiculo v on c.idVehiculo=v.idVehiculo
				join tipodevehiculo t on v.idTipoDeVehiculo=t.idTipoDeVehiculo
				left join viaje vi on vi.Chofer_idChofer=c.idChofer
				where c.flagBaja=1
				group by c.idChofer
				order by fecha_ultima_disponibilidad asc
2020-10-04 21:53:03
SELECT * FROM acercarlogistca.viaje where Chofer_idChofer=0 and estado='PENDIENTE';
2020-10-04 21:53:05
UPDATE chofer
				SET disponibilidad = 1,
				fecha_ultima_disponibilidad = now()
				WHERE idChofer = 2;
2020-10-04 21:53:06
SELECT c.idChofer,c.nombre,c.Apellido,c.disponibilidad,t.descripcion, count(vi.idViaje) as cant
				FROM chofer c 
				join vehiculo v on c.idVehiculo=v.idVehiculo
				join tipodevehiculo t on v.idTipoDeVehiculo=t.idTipoDeVehiculo
				left join viaje vi on vi.Chofer_idChofer=c.idChofer
				where c.flagBaja=1
				group by c.idChofer
				order by fecha_ultima_disponibilidad asc
2020-10-04 21:53:06
SELECT * FROM acercarlogistca.viaje where Chofer_idChofer=0 and estado='PENDIENTE';
2020-10-04 21:53:12
SELECT * FROM cliente where estado=1;
2020-10-04 21:53:12
SELECT * FROM servicio where estado =1;
2020-10-04 21:53:12
SELECT * FROM tipodevehiculo;
2020-10-04 21:54:41
SELECT listaPrecio FROM cliente where idCliente=1 limit 1;
2020-10-04 21:54:41
SELECT * FROM precio where lista=1 and idServicio=1 and idTipoVehiculo=1 limit 1;
2020-10-04 21:54:43
SELECT listaPrecio FROM cliente where idCliente=1 limit 1;
2020-10-04 21:54:43
SELECT * FROM precio where lista=1 and idServicio=1 and idTipoVehiculo=1 limit 1;
2020-10-04 21:54:43
INSERT INTO viaje
	(fecha,comisionPaga,valorViaje,Servicio_idServicio,Chofer_idChofer,idClliente,hora,km,estado,tipoVehiculo)
	VALUES('2020-10-14',0,331.4,1,0,1,'17:54',12.57,'PENDIENTE',1);
2020-10-04 21:54:43
select max(idViaje) from viaje;
2020-10-04 21:54:43
INSERT INTO direccionesviaje(calle,numero,piso,departamento,localidad,provincia,Viaje_idViaje,latitud,longitud) VALUES('Fonrouge',123,'','','ciudad autonoma de buenos aires','buenos aires',122,'-34.6407052','-58.5145209');
2020-10-04 21:54:43
INSERT INTO direccionesviaje(calle,numero,piso,departamento,localidad,provincia,Viaje_idViaje,latitud,longitud) VALUES('rivadavia',2748,'','','Ciudad Autonoma de Buenos Aires','Buenos Aires',122,'-34.5668181','-58.453875');
2020-10-04 21:54:43
SELECT * FROM cliente where estado=1;
2020-10-04 21:54:43
SELECT * FROM servicio where estado =1;
2020-10-04 21:54:43
SELECT * FROM tipodevehiculo;
2020-10-04 21:54:46
SELECT c.idChofer,c.nombre,c.Apellido,c.disponibilidad,t.descripcion, count(vi.idViaje) as cant
				FROM chofer c 
				join vehiculo v on c.idVehiculo=v.idVehiculo
				join tipodevehiculo t on v.idTipoDeVehiculo=t.idTipoDeVehiculo
				left join viaje vi on vi.Chofer_idChofer=c.idChofer
				where c.flagBaja=1
				group by c.idChofer
				order by fecha_ultima_disponibilidad asc
2020-10-04 21:54:46
SELECT * FROM acercarlogistca.viaje where Chofer_idChofer=0 and estado='PENDIENTE';
2020-10-04 21:54:51
UPDATE viaje SET Chofer_idChofer =3,estado ='ASIGNADO' WHERE idViaje in(122);
2020-10-04 21:54:51
UPDATE chofer
				SET disponibilidad = 1,
				fecha_ultima_disponibilidad = now(),
				WHERE idChofer = 3;
2020-10-04 21:54:51
UPDATE chofer
				SET disponibilidad = -1,
				fecha_ultima_disponibilidad = now()
				WHERE idChofer = 3;
2020-10-04 21:54:53
SELECT c.idChofer,c.nombre,c.Apellido,c.disponibilidad,t.descripcion, count(vi.idViaje) as cant
				FROM chofer c 
				join vehiculo v on c.idVehiculo=v.idVehiculo
				join tipodevehiculo t on v.idTipoDeVehiculo=t.idTipoDeVehiculo
				left join viaje vi on vi.Chofer_idChofer=c.idChofer
				where c.flagBaja=1
				group by c.idChofer
				order by fecha_ultima_disponibilidad asc
2020-10-04 21:54:53
SELECT c.idChofer,c.nombre,c.Apellido,c.disponibilidad,t.descripcion, count(vi.idViaje) as cant
				FROM chofer c 
				join vehiculo v on c.idVehiculo=v.idVehiculo
				join tipodevehiculo t on v.idTipoDeVehiculo=t.idTipoDeVehiculo
				left join viaje vi on vi.Chofer_idChofer=c.idChofer
				where c.flagBaja=1
				group by c.idChofer
				order by fecha_ultima_disponibilidad asc
2020-10-04 21:54:53
SELECT * FROM acercarlogistca.viaje where Chofer_idChofer=0 and estado='PENDIENTE';
2020-10-04 21:54:53
SELECT * FROM acercarlogistca.viaje where Chofer_idChofer=0 and estado='PENDIENTE';
2020-10-11 07:46:13
SELECT c.idChofer,c.nombre,c.Apellido,c.disponibilidad,t.descripcion, count(vi.idViaje) as cant
				FROM chofer c 
				join vehiculo v on c.idVehiculo=v.idVehiculo
				join tipodevehiculo t on v.idTipoDeVehiculo=t.idTipoDeVehiculo
				left join viaje vi on vi.Chofer_idChofer=c.idChofer
				where c.flagBaja=1
				group by c.idChofer
				order by fecha_ultima_disponibilidad asc
2020-10-11 07:46:13
SELECT * FROM acercarlogistca.viaje where Chofer_idChofer=0 and estado='PENDIENTE';
2020-10-11 07:46:28
UPDATE chofer
				SET disponibilidad = 1,
				fecha_ultima_disponibilidad = now()
				WHERE idChofer = 3;
2020-10-11 07:46:30
SELECT c.idChofer,c.nombre,c.Apellido,c.disponibilidad,t.descripcion, count(vi.idViaje) as cant
				FROM chofer c 
				join vehiculo v on c.idVehiculo=v.idVehiculo
				join tipodevehiculo t on v.idTipoDeVehiculo=t.idTipoDeVehiculo
				left join viaje vi on vi.Chofer_idChofer=c.idChofer
				where c.flagBaja=1
				group by c.idChofer
				order by fecha_ultima_disponibilidad asc
2020-10-11 07:46:30
SELECT * FROM acercarlogistca.viaje where Chofer_idChofer=0 and estado='PENDIENTE';
2020-10-11 07:48:11
SELECT * FROM servicio where estado=1;
2020-10-11 07:48:22
SELECT * FROM vehiculo where activo=0;
2020-10-11 07:48:31
SELECT * FROM vehiculo where activo=1;
2020-10-11 07:48:33
SELECT * FROM vehiculo where activo=0;
2020-10-11 07:48:34
SELECT * FROM vehiculo where activo=1;
2020-10-11 07:48:35
SELECT * FROM vehiculo where activo=0;
2020-10-11 07:48:39
SELECT * FROM acercarlogistca.tipodevehiculo;
2020-10-11 07:48:47
SELECT * FROM listadeprecios;
2020-10-11 07:48:47
SELECT * FROM acercarlogistca.listadeprecios;
2020-10-11 07:48:51
SELECT * FROM acercarlogistca.tipodevehiculo;
2020-10-11 07:48:56
SELECT * FROM vehiculo where activo=0;
2020-10-11 07:49:02
SELECT * FROM acercarlogistca.tipodevehiculo;
2020-10-11 07:50:47
SELECT * FROM acercarlogistca.viaje where Chofer_idChofer!=0;
2020-10-11 07:55:39
SELECT c.idChofer,c.nombre,c.Apellido,c.disponibilidad,t.descripcion, count(vi.idViaje) as cant
				FROM chofer c 
				join vehiculo v on c.idVehiculo=v.idVehiculo
				join tipodevehiculo t on v.idTipoDeVehiculo=t.idTipoDeVehiculo
				left join viaje vi on vi.Chofer_idChofer=c.idChofer
				where c.flagBaja=1
				group by c.idChofer
				order by fecha_ultima_disponibilidad asc
2020-10-11 07:55:39
SELECT * FROM acercarlogistca.viaje where Chofer_idChofer=0 and estado='PENDIENTE';
2020-10-11 08:06:13
SELECT * FROM tipodevehiculo;
2020-10-11 08:06:13
SELECT idChofer,nombre,Apellido FROM acercarlogistca.chofer where flagBaja=1
2020-10-11 08:06:13
SELECT * FROM acercarlogistca.viaje where Chofer_idChofer=0 and estado='PENDIENTE';
2020-10-11 08:06:13
SELECT * FROM acercarlogistca.viaje where Chofer_idChofer!=0;
2020-10-11 08:06:22

2020-10-11 20:23:27
SELECT c.idChofer,c.nombre,c.Apellido,c.disponibilidad,t.descripcion, count(vi.idViaje) as cant
				FROM chofer c 
				join vehiculo v on c.idVehiculo=v.idVehiculo
				join tipodevehiculo t on v.idTipoDeVehiculo=t.idTipoDeVehiculo
				left join viaje vi on vi.Chofer_idChofer=c.idChofer
				where c.flagBaja=1
				group by c.idChofer
				order by fecha_ultima_disponibilidad asc
2020-10-11 20:23:27
SELECT * FROM acercarlogistca.viaje where Chofer_idChofer=0 and estado='PENDIENTE';
2020-10-11 20:41:58
SELECT * FROM listadeprecios where activa=1;
2020-10-11 20:41:58
SELECT * FROM servicio;
2020-10-11 20:41:58
SELECT * FROM tipodevehiculo;
2020-10-11 20:42:05
SELECT p.id, 
				s.descripcion as servicio,
				tp.descripcion as tipovehiculo, 
				valorkm, 
				valorFijo, 
				valorHora 
				FROM precio p 
				left join tipodevehiculo tp on p.idTipoVehiculo=tp.idTipoDeVehiculo 
				left join servicio s on p.idServicio=s.idServicio
				where lista=1;
2020-10-11 20:42:13
INSERT INTO precio
		(idTipoVehiculo,valorkm,valorFijo,valorHora,idServicio,lista)
		VALUES(1,0,0,0,1,1);
2020-10-11 20:42:14
SELECT * FROM listadeprecios where activa=1;
2020-10-11 20:42:14
SELECT * FROM servicio;
2020-10-11 20:42:14
SELECT * FROM tipodevehiculo;
2020-10-11 20:42:18
SELECT p.id, 
				s.descripcion as servicio,
				tp.descripcion as tipovehiculo, 
				valorkm, 
				valorFijo, 
				valorHora 
				FROM precio p 
				left join tipodevehiculo tp on p.idTipoVehiculo=tp.idTipoDeVehiculo 
				left join servicio s on p.idServicio=s.idServicio
				where lista=1;
2020-10-11 21:13:54

			SELECT *
			FROM usuario
			WHERE idusuario='leito' and contrasena='1234' and flagBaja=1;
		
2020-10-11 21:13:54
SELECT c.idChofer,c.nombre,c.Apellido,c.disponibilidad,t.descripcion, count(vi.idViaje) as cant
				FROM chofer c 
				join vehiculo v on c.idVehiculo=v.idVehiculo
				join tipodevehiculo t on v.idTipoDeVehiculo=t.idTipoDeVehiculo
				left join viaje vi on vi.Chofer_idChofer=c.idChofer
				where c.flagBaja=1
				group by c.idChofer
				order by fecha_ultima_disponibilidad asc
2020-10-11 21:13:54
SELECT * FROM acercarlogistca.viaje where Chofer_idChofer=0 and estado='PENDIENTE';
2020-10-11 23:14:27
SELECT c.idChofer,c.nombre,c.Apellido,c.disponibilidad,t.descripcion, count(vi.idViaje) as cant
				FROM chofer c 
				join vehiculo v on c.idVehiculo=v.idVehiculo
				join tipodevehiculo t on v.idTipoDeVehiculo=t.idTipoDeVehiculo
				left join viaje vi on vi.Chofer_idChofer=c.idChofer
				where c.flagBaja=1
				group by c.idChofer
				order by fecha_ultima_disponibilidad asc
2020-10-11 23:14:28
SELECT * FROM acercarlogistca.viaje where Chofer_idChofer=0 and estado='PENDIENTE';
2020-10-11 23:25:04
SELECT c.idChofer,c.nombre,c.Apellido,c.disponibilidad,t.descripcion, count(vi.idViaje) as cant
				FROM chofer c 
				join vehiculo v on c.idVehiculo=v.idVehiculo
				join tipodevehiculo t on v.idTipoDeVehiculo=t.idTipoDeVehiculo
				left join viaje vi on vi.Chofer_idChofer=c.idChofer
				where c.flagBaja=1
				group by c.idChofer
				order by fecha_ultima_disponibilidad asc
2020-10-11 23:25:04
SELECT * FROM acercarlogistca.viaje where Chofer_idChofer=0 and estado='PENDIENTE';
2020-10-11 23:26:17

			SELECT *
			FROM usuario
			WHERE idusuario='leito' and contrasena='1234' and flagBaja=1;
		
2020-10-11 23:26:17
SELECT c.idChofer,c.nombre,c.Apellido,c.disponibilidad,t.descripcion, count(vi.idViaje) as cant
				FROM chofer c 
				join vehiculo v on c.idVehiculo=v.idVehiculo
				join tipodevehiculo t on v.idTipoDeVehiculo=t.idTipoDeVehiculo
				left join viaje vi on vi.Chofer_idChofer=c.idChofer
				where c.flagBaja=1
				group by c.idChofer
				order by fecha_ultima_disponibilidad asc
2020-10-11 23:26:17
SELECT * FROM acercarlogistca.viaje where Chofer_idChofer=0 and estado='PENDIENTE';
2020-10-11 23:37:35
SELECT c.idChofer,c.nombre,c.Apellido,c.disponibilidad,t.descripcion, count(vi.idViaje) as cant
				FROM chofer c 
				join vehiculo v on c.idVehiculo=v.idVehiculo
				join tipodevehiculo t on v.idTipoDeVehiculo=t.idTipoDeVehiculo
				left join viaje vi on vi.Chofer_idChofer=c.idChofer
				where c.flagBaja=1
				group by c.idChofer
				order by fecha_ultima_disponibilidad asc
2020-10-11 23:37:35
SELECT * FROM acercarlogistca.viaje where Chofer_idChofer=0 and estado='PENDIENTE';
2020-10-11 23:39:23
SELECT c.idChofer,c.nombre,c.Apellido,c.disponibilidad,t.descripcion, count(vi.idViaje) as cant
				FROM chofer c 
				join vehiculo v on c.idVehiculo=v.idVehiculo
				join tipodevehiculo t on v.idTipoDeVehiculo=t.idTipoDeVehiculo
				left join viaje vi on vi.Chofer_idChofer=c.idChofer
				where c.flagBaja=1
				group by c.idChofer
				order by fecha_ultima_disponibilidad asc
2020-10-11 23:39:23
SELECT * FROM acercarlogistca.viaje where Chofer_idChofer=0 and estado='PENDIENTE';
2020-10-11 23:39:52
SELECT c.idChofer,c.nombre,c.Apellido,c.disponibilidad,t.descripcion, count(vi.idViaje) as cant
				FROM chofer c 
				join vehiculo v on c.idVehiculo=v.idVehiculo
				join tipodevehiculo t on v.idTipoDeVehiculo=t.idTipoDeVehiculo
				left join viaje vi on vi.Chofer_idChofer=c.idChofer
				where c.flagBaja=1
				group by c.idChofer
				order by fecha_ultima_disponibilidad asc
2020-10-11 23:39:52
SELECT * FROM acercarlogistca.viaje where Chofer_idChofer=0 and estado='PENDIENTE';
2020-10-11 23:40:17
SELECT c.idChofer,c.nombre,c.Apellido,c.disponibilidad,t.descripcion, count(vi.idViaje) as cant
				FROM chofer c 
				join vehiculo v on c.idVehiculo=v.idVehiculo
				join tipodevehiculo t on v.idTipoDeVehiculo=t.idTipoDeVehiculo
				left join viaje vi on vi.Chofer_idChofer=c.idChofer
				where c.flagBaja=1
				group by c.idChofer
				order by fecha_ultima_disponibilidad asc
2020-10-11 23:40:17
SELECT * FROM acercarlogistca.viaje where Chofer_idChofer=0 and estado='PENDIENTE';
2020-10-11 23:40:29

			SELECT *
			FROM usuario
			WHERE idusuario='leito' and contrasena='1234' and flagBaja=1;
		
2020-10-11 23:40:29
SELECT c.idChofer,c.nombre,c.Apellido,c.disponibilidad,t.descripcion, count(vi.idViaje) as cant
				FROM chofer c 
				join vehiculo v on c.idVehiculo=v.idVehiculo
				join tipodevehiculo t on v.idTipoDeVehiculo=t.idTipoDeVehiculo
				left join viaje vi on vi.Chofer_idChofer=c.idChofer
				where c.flagBaja=1
				group by c.idChofer
				order by fecha_ultima_disponibilidad asc
2020-10-11 23:40:29
SELECT * FROM acercarlogistca.viaje where Chofer_idChofer=0 and estado='PENDIENTE';
2020-10-11 23:40:58
SELECT c.idChofer,c.nombre,c.Apellido,c.disponibilidad,t.descripcion, count(vi.idViaje) as cant
				FROM chofer c 
				join vehiculo v on c.idVehiculo=v.idVehiculo
				join tipodevehiculo t on v.idTipoDeVehiculo=t.idTipoDeVehiculo
				left join viaje vi on vi.Chofer_idChofer=c.idChofer
				where c.flagBaja=1
				group by c.idChofer
				order by fecha_ultima_disponibilidad asc
2020-10-11 23:40:58
SELECT * FROM acercarlogistca.viaje where Chofer_idChofer=0 and estado='PENDIENTE';
2020-10-11 23:41:18
SELECT c.idChofer,c.nombre,c.Apellido,c.disponibilidad,t.descripcion, count(vi.idViaje) as cant
				FROM chofer c 
				join vehiculo v on c.idVehiculo=v.idVehiculo
				join tipodevehiculo t on v.idTipoDeVehiculo=t.idTipoDeVehiculo
				left join viaje vi on vi.Chofer_idChofer=c.idChofer
				where c.flagBaja=1
				group by c.idChofer
				order by fecha_ultima_disponibilidad asc
2020-10-11 23:41:18
SELECT * FROM acercarlogistca.viaje where Chofer_idChofer=0 and estado='PENDIENTE';
2020-10-11 23:44:47
SELECT c.idChofer,c.nombre,c.Apellido,c.disponibilidad,t.descripcion, count(vi.idViaje) as cant
				FROM chofer c 
				join vehiculo v on c.idVehiculo=v.idVehiculo
				join tipodevehiculo t on v.idTipoDeVehiculo=t.idTipoDeVehiculo
				left join viaje vi on vi.Chofer_idChofer=c.idChofer
				where c.flagBaja=1
				group by c.idChofer
				order by fecha_ultima_disponibilidad asc
2020-10-11 23:44:47
SELECT * FROM acercarlogistca.viaje where Chofer_idChofer=0 and estado='PENDIENTE';
2020-10-11 23:45:04
SELECT c.idChofer,c.nombre,c.Apellido,c.disponibilidad,t.descripcion, count(vi.idViaje) as cant
				FROM chofer c 
				join vehiculo v on c.idVehiculo=v.idVehiculo
				join tipodevehiculo t on v.idTipoDeVehiculo=t.idTipoDeVehiculo
				left join viaje vi on vi.Chofer_idChofer=c.idChofer
				where c.flagBaja=1
				group by c.idChofer
				order by fecha_ultima_disponibilidad asc
2020-10-11 23:45:04
SELECT * FROM acercarlogistca.viaje where Chofer_idChofer=0 and estado='PENDIENTE';
2020-10-11 23:45:05
SELECT c.idChofer,c.nombre,c.Apellido,c.disponibilidad,t.descripcion, count(vi.idViaje) as cant
				FROM chofer c 
				join vehiculo v on c.idVehiculo=v.idVehiculo
				join tipodevehiculo t on v.idTipoDeVehiculo=t.idTipoDeVehiculo
				left join viaje vi on vi.Chofer_idChofer=c.idChofer
				where c.flagBaja=1
				group by c.idChofer
				order by fecha_ultima_disponibilidad asc
2020-10-11 23:45:05
SELECT * FROM acercarlogistca.viaje where Chofer_idChofer=0 and estado='PENDIENTE';
2020-10-11 23:45:17
SELECT c.idChofer,c.nombre,c.Apellido,c.disponibilidad,t.descripcion, count(vi.idViaje) as cant
				FROM chofer c 
				join vehiculo v on c.idVehiculo=v.idVehiculo
				join tipodevehiculo t on v.idTipoDeVehiculo=t.idTipoDeVehiculo
				left join viaje vi on vi.Chofer_idChofer=c.idChofer
				where c.flagBaja=1
				group by c.idChofer
				order by fecha_ultima_disponibilidad asc
2020-10-11 23:45:17
SELECT * FROM acercarlogistca.viaje where Chofer_idChofer=0 and estado='PENDIENTE';
2020-10-11 23:47:13
SELECT c.idChofer,c.nombre,c.Apellido,c.disponibilidad,t.descripcion, count(vi.idViaje) as cant
				FROM chofer c 
				join vehiculo v on c.idVehiculo=v.idVehiculo
				join tipodevehiculo t on v.idTipoDeVehiculo=t.idTipoDeVehiculo
				left join viaje vi on vi.Chofer_idChofer=c.idChofer
				where c.flagBaja=1
				group by c.idChofer
				order by fecha_ultima_disponibilidad asc
2020-10-11 23:47:13
SELECT * FROM acercarlogistca.viaje where Chofer_idChofer=0 and estado='PENDIENTE';
2020-10-11 23:48:49

			SELECT *
			FROM usuario
			WHERE idusuario='leito' and contrasena='1234' and flagBaja=1;
		
2020-10-11 23:48:49
SELECT c.idChofer,c.nombre,c.Apellido,c.disponibilidad,t.descripcion, count(vi.idViaje) as cant
				FROM chofer c 
				join vehiculo v on c.idVehiculo=v.idVehiculo
				join tipodevehiculo t on v.idTipoDeVehiculo=t.idTipoDeVehiculo
				left join viaje vi on vi.Chofer_idChofer=c.idChofer
				where c.flagBaja=1
				group by c.idChofer
				order by fecha_ultima_disponibilidad asc
2020-10-11 23:48:49
SELECT * FROM acercarlogistca.viaje where Chofer_idChofer=0 and estado='PENDIENTE';
2020-10-11 23:49:04

			SELECT *
			FROM usuario
			WHERE idusuario='leito1' and contrasena='1' and flagBaja=1;
		
2020-10-12 00:07:38

			SELECT *
			FROM usuario
			WHERE idusuario='leito' and contrasena='1234' and flagBaja=1;
		
2020-10-12 00:07:38
SELECT idrol FROM usuario_perfil where idusuario='leito';
2020-10-12 00:07:38
SELECT c.idChofer,c.nombre,c.Apellido,c.disponibilidad,t.descripcion, count(vi.idViaje) as cant
				FROM chofer c 
				join vehiculo v on c.idVehiculo=v.idVehiculo
				join tipodevehiculo t on v.idTipoDeVehiculo=t.idTipoDeVehiculo
				left join viaje vi on vi.Chofer_idChofer=c.idChofer
				where c.flagBaja=1
				group by c.idChofer
				order by fecha_ultima_disponibilidad asc
2020-10-12 00:07:38
SELECT * FROM acercarlogistca.viaje where Chofer_idChofer=0 and estado='PENDIENTE';
2020-10-12 00:09:12
SELECT c.idChofer,c.nombre,c.Apellido,c.disponibilidad,t.descripcion, count(vi.idViaje) as cant
				FROM chofer c 
				join vehiculo v on c.idVehiculo=v.idVehiculo
				join tipodevehiculo t on v.idTipoDeVehiculo=t.idTipoDeVehiculo
				left join viaje vi on vi.Chofer_idChofer=c.idChofer
				where c.flagBaja=1
				group by c.idChofer
				order by fecha_ultima_disponibilidad asc
2020-10-12 00:09:12
SELECT * FROM acercarlogistca.viaje where Chofer_idChofer=0 and estado='PENDIENTE';
2020-10-12 00:09:30
SELECT c.idChofer,c.nombre,c.Apellido,c.disponibilidad,t.descripcion, count(vi.idViaje) as cant
				FROM chofer c 
				join vehiculo v on c.idVehiculo=v.idVehiculo
				join tipodevehiculo t on v.idTipoDeVehiculo=t.idTipoDeVehiculo
				left join viaje vi on vi.Chofer_idChofer=c.idChofer
				where c.flagBaja=1
				group by c.idChofer
				order by fecha_ultima_disponibilidad asc
2020-10-12 00:09:30
SELECT * FROM acercarlogistca.viaje where Chofer_idChofer=0 and estado='PENDIENTE';
2020-10-12 01:37:41
SELECT * FROM acercarlogistca.chofer;
2020-10-12 01:44:14
SELECT * FROM acercarlogistca.chofer;
2020-10-12 01:45:30
SELECT * FROM acercarlogistca.chofer;
2020-10-12 02:06:58
SELECT * FROM acercarlogistca.chofer;
2020-10-12 02:09:50
SELECT * FROM acercarlogistca.chofer;
2020-10-12 02:09:51
SELECT * FROM acercarlogistca.chofer;
2020-10-12 02:10:01
SELECT * FROM acercarlogistca.chofer;
2020-10-12 02:10:25
SELECT * FROM acercarlogistca.chofer;
2020-10-12 02:15:06

			SELECT *
			FROM usuario
			WHERE idusuario='leito' and contrasena='1234' and flagBaja=1;
		
2020-10-12 02:15:06
SELECT idrol FROM usuario_perfil where idusuario='leito';
2020-10-12 02:15:06
SELECT c.idChofer,c.nombre,c.Apellido,c.disponibilidad,t.descripcion, count(vi.idViaje) as cant
				FROM chofer c 
				join vehiculo v on c.idVehiculo=v.idVehiculo
				join tipodevehiculo t on v.idTipoDeVehiculo=t.idTipoDeVehiculo
				left join viaje vi on vi.Chofer_idChofer=c.idChofer
				where c.flagBaja=1
				group by c.idChofer
				order by fecha_ultima_disponibilidad asc
2020-10-12 02:15:06
SELECT * FROM acercarlogistca.viaje where Chofer_idChofer=0 and estado='PENDIENTE';
2020-10-12 02:15:16
SELECT * FROM acercarlogistca.chofer;
2020-10-12 02:22:03
SELECT * FROM acercarlogistca.chofer;
2020-10-12 02:22:33

			SELECT *
			FROM usuario
			WHERE idusuario='leito' and contrasena='1234' and flagBaja=1;
		
2020-10-12 02:22:33
SELECT idrol FROM usuario_perfil where idusuario='leito';
2020-10-12 02:22:33
SELECT c.idChofer,c.nombre,c.Apellido,c.disponibilidad,t.descripcion, count(vi.idViaje) as cant
				FROM chofer c 
				join vehiculo v on c.idVehiculo=v.idVehiculo
				join tipodevehiculo t on v.idTipoDeVehiculo=t.idTipoDeVehiculo
				left join viaje vi on vi.Chofer_idChofer=c.idChofer
				where c.flagBaja=1
				group by c.idChofer
				order by fecha_ultima_disponibilidad asc
2020-10-12 02:22:33
SELECT * FROM acercarlogistca.viaje where Chofer_idChofer=0 and estado='PENDIENTE';
2020-10-12 02:23:08
SELECT * FROM acercarlogistca.chofer;
2020-10-12 02:24:45
SELECT * FROM acercarlogistca.chofer;
2020-10-12 02:25:25
SELECT * FROM acercarlogistca.chofer;
2020-10-12 02:25:44
SELECT * FROM acercarlogistca.chofer;
2020-10-12 02:25:55
SELECT * FROM acercarlogistca.chofer;
2020-10-12 02:27:04
SELECT * FROM acercarlogistca.chofer;
2020-10-12 02:27:38
SELECT * FROM acercarlogistca.chofer;
2020-10-12 02:27:52
SELECT * FROM acercarlogistca.chofer;
2020-10-12 02:28:01
SELECT * FROM acercarlogistca.vehiculo;
2020-10-12 02:29:23
SELECT * FROM acercarlogistca.chofer;
2020-10-12 02:52:06
SELECT * FROM acercarlogistca.chofer;
2020-10-12 02:52:14
SELECT * FROM acercarlogistca.chofer;
2020-10-12 02:53:02

			SELECT *
			FROM usuario
			WHERE idusuario='leito' and contrasena='1234' and flagBaja=1;
		
2020-10-12 02:53:02
SELECT idrol FROM usuario_perfil where idusuario='leito';
2020-10-12 02:53:02
SELECT c.idChofer,c.nombre,c.Apellido,c.disponibilidad,t.descripcion, count(vi.idViaje) as cant
				FROM chofer c 
				join vehiculo v on c.idVehiculo=v.idVehiculo
				join tipodevehiculo t on v.idTipoDeVehiculo=t.idTipoDeVehiculo
				left join viaje vi on vi.Chofer_idChofer=c.idChofer
				where c.flagBaja=1
				group by c.idChofer
				order by fecha_ultima_disponibilidad asc
2020-10-12 02:53:02
SELECT * FROM acercarlogistca.viaje where Chofer_idChofer=0 and estado='PENDIENTE';
2020-10-12 02:53:08
SELECT * FROM acercarlogistca.chofer;
2020-10-12 02:53:42
SELECT c.idChofer,c.nombre,c.Apellido,c.disponibilidad,t.descripcion, count(vi.idViaje) as cant
				FROM chofer c 
				join vehiculo v on c.idVehiculo=v.idVehiculo
				join tipodevehiculo t on v.idTipoDeVehiculo=t.idTipoDeVehiculo
				left join viaje vi on vi.Chofer_idChofer=c.idChofer
				where c.flagBaja=1
				group by c.idChofer
				order by fecha_ultima_disponibilidad asc
2020-10-12 02:53:42
SELECT * FROM acercarlogistca.viaje where Chofer_idChofer=0 and estado='PENDIENTE';
2020-10-12 02:55:25
SELECT c.idChofer,c.nombre,c.Apellido,c.disponibilidad,t.descripcion, count(vi.idViaje) as cant
				FROM chofer c 
				join vehiculo v on c.idVehiculo=v.idVehiculo
				join tipodevehiculo t on v.idTipoDeVehiculo=t.idTipoDeVehiculo
				left join viaje vi on vi.Chofer_idChofer=c.idChofer
				where c.flagBaja=1
				group by c.idChofer
				order by fecha_ultima_disponibilidad asc
2020-10-12 02:55:25
SELECT * FROM acercarlogistca.viaje where Chofer_idChofer=0 and estado='PENDIENTE';
2020-10-12 02:55:34

			SELECT *
			FROM usuario
			WHERE idusuario='leito' and contrasena='1234' and flagBaja=1;
		
2020-10-12 02:55:34
SELECT idrol FROM usuario_perfil where idusuario='leito';
2020-10-12 03:00:59

			SELECT *
			FROM usuario
			WHERE idusuario='leito' and contrasena='1234' and flagBaja=1;
		
2020-10-12 03:00:59
SELECT idrol FROM usuario_perfil where idusuario='leito';
2020-10-12 03:00:59
SELECT c.idChofer,c.nombre,c.Apellido,c.disponibilidad,t.descripcion, count(vi.idViaje) as cant
				FROM chofer c 
				join vehiculo v on c.idVehiculo=v.idVehiculo
				join tipodevehiculo t on v.idTipoDeVehiculo=t.idTipoDeVehiculo
				left join viaje vi on vi.Chofer_idChofer=c.idChofer
				where c.flagBaja=1
				group by c.idChofer
				order by fecha_ultima_disponibilidad asc
2020-10-12 03:00:59
SELECT * FROM acercarlogistca.viaje where Chofer_idChofer=0 and estado='PENDIENTE';
2020-10-12 03:01:09

			SELECT *
			FROM usuario
			WHERE idusuario='leito' and contrasena='1234' and flagBaja=1;
		
2020-10-12 03:01:09
SELECT idrol FROM usuario_perfil where idusuario='leito';
2020-10-12 03:01:09
SELECT c.idChofer,c.nombre,c.Apellido,c.disponibilidad,t.descripcion, count(vi.idViaje) as cant
				FROM chofer c 
				join vehiculo v on c.idVehiculo=v.idVehiculo
				join tipodevehiculo t on v.idTipoDeVehiculo=t.idTipoDeVehiculo
				left join viaje vi on vi.Chofer_idChofer=c.idChofer
				where c.flagBaja=1
				group by c.idChofer
				order by fecha_ultima_disponibilidad asc
2020-10-12 03:01:09
SELECT * FROM acercarlogistca.viaje where Chofer_idChofer=0 and estado='PENDIENTE';
2020-10-12 03:03:36
SELECT c.idChofer,c.nombre,c.Apellido,c.disponibilidad,t.descripcion, count(vi.idViaje) as cant
				FROM chofer c 
				join vehiculo v on c.idVehiculo=v.idVehiculo
				join tipodevehiculo t on v.idTipoDeVehiculo=t.idTipoDeVehiculo
				left join viaje vi on vi.Chofer_idChofer=c.idChofer
				where c.flagBaja=1
				group by c.idChofer
				order by fecha_ultima_disponibilidad asc
2020-10-12 03:03:36
SELECT * FROM acercarlogistca.viaje where Chofer_idChofer=0 and estado='PENDIENTE';
2020-10-12 03:04:04

			SELECT *
			FROM usuario
			WHERE idusuario='leito' and contrasena='1234' and flagBaja=1;
		
2020-10-12 03:04:04
SELECT idrol FROM usuario_perfil where idusuario='leito';
2020-10-12 03:04:04
SELECT c.idChofer,c.nombre,c.Apellido,c.disponibilidad,t.descripcion, count(vi.idViaje) as cant
				FROM chofer c 
				join vehiculo v on c.idVehiculo=v.idVehiculo
				join tipodevehiculo t on v.idTipoDeVehiculo=t.idTipoDeVehiculo
				left join viaje vi on vi.Chofer_idChofer=c.idChofer
				where c.flagBaja=1
				group by c.idChofer
				order by fecha_ultima_disponibilidad asc
2020-10-12 03:04:04
SELECT * FROM acercarlogistca.viaje where Chofer_idChofer=0 and estado='PENDIENTE';
2020-10-12 03:06:17
SELECT c.idChofer,c.nombre,c.Apellido,c.disponibilidad,t.descripcion, count(vi.idViaje) as cant
				FROM chofer c 
				join vehiculo v on c.idVehiculo=v.idVehiculo
				join tipodevehiculo t on v.idTipoDeVehiculo=t.idTipoDeVehiculo
				left join viaje vi on vi.Chofer_idChofer=c.idChofer
				where c.flagBaja=1
				group by c.idChofer
				order by fecha_ultima_disponibilidad asc
2020-10-12 03:06:17
SELECT * FROM acercarlogistca.viaje where Chofer_idChofer=0 and estado='PENDIENTE';
2020-10-12 03:06:28

			SELECT *
			FROM usuario
			WHERE idusuario='leito' and contrasena='1234' and flagBaja=1;
		
2020-10-12 03:06:28
SELECT idrol FROM usuario_perfil where idusuario='leito';
2020-10-12 03:06:28
SELECT c.idChofer,c.nombre,c.Apellido,c.disponibilidad,t.descripcion, count(vi.idViaje) as cant
				FROM chofer c 
				join vehiculo v on c.idVehiculo=v.idVehiculo
				join tipodevehiculo t on v.idTipoDeVehiculo=t.idTipoDeVehiculo
				left join viaje vi on vi.Chofer_idChofer=c.idChofer
				where c.flagBaja=1
				group by c.idChofer
				order by fecha_ultima_disponibilidad asc
2020-10-12 03:06:28
SELECT * FROM acercarlogistca.viaje where Chofer_idChofer=0 and estado='PENDIENTE';
2020-10-12 03:07:29
SELECT * FROM acercarlogistca.chofer;
2020-10-12 03:08:26
SELECT * FROM acercarlogistca.chofer;
2020-10-12 03:08:42

			SELECT *
			FROM usuario
			WHERE idusuario='leito' and contrasena='1234' and flagBaja=1;
		
2020-10-12 03:08:42
SELECT idrol FROM usuario_perfil where idusuario='leito';
2020-10-12 03:08:42
SELECT c.idChofer,c.nombre,c.Apellido,c.disponibilidad,t.descripcion, count(vi.idViaje) as cant
				FROM chofer c 
				join vehiculo v on c.idVehiculo=v.idVehiculo
				join tipodevehiculo t on v.idTipoDeVehiculo=t.idTipoDeVehiculo
				left join viaje vi on vi.Chofer_idChofer=c.idChofer
				where c.flagBaja=1
				group by c.idChofer
				order by fecha_ultima_disponibilidad asc
2020-10-12 03:08:42
SELECT * FROM acercarlogistca.viaje where Chofer_idChofer=0 and estado='PENDIENTE';
2020-10-12 03:10:11
SELECT c.idChofer,c.nombre,c.Apellido,c.disponibilidad,t.descripcion, count(vi.idViaje) as cant
				FROM chofer c 
				join vehiculo v on c.idVehiculo=v.idVehiculo
				join tipodevehiculo t on v.idTipoDeVehiculo=t.idTipoDeVehiculo
				left join viaje vi on vi.Chofer_idChofer=c.idChofer
				where c.flagBaja=1
				group by c.idChofer
				order by fecha_ultima_disponibilidad asc
2020-10-12 03:10:11
SELECT * FROM acercarlogistca.viaje where Chofer_idChofer=0 and estado='PENDIENTE';
2020-10-12 03:10:26
SELECT c.idChofer,c.nombre,c.Apellido,c.disponibilidad,t.descripcion, count(vi.idViaje) as cant
				FROM chofer c 
				join vehiculo v on c.idVehiculo=v.idVehiculo
				join tipodevehiculo t on v.idTipoDeVehiculo=t.idTipoDeVehiculo
				left join viaje vi on vi.Chofer_idChofer=c.idChofer
				where c.flagBaja=1
				group by c.idChofer
				order by fecha_ultima_disponibilidad asc
2020-10-12 03:10:26
SELECT * FROM acercarlogistca.viaje where Chofer_idChofer=0 and estado='PENDIENTE';
2020-10-12 03:10:42
SELECT c.idChofer,c.nombre,c.Apellido,c.disponibilidad,t.descripcion, count(vi.idViaje) as cant
				FROM chofer c 
				join vehiculo v on c.idVehiculo=v.idVehiculo
				join tipodevehiculo t on v.idTipoDeVehiculo=t.idTipoDeVehiculo
				left join viaje vi on vi.Chofer_idChofer=c.idChofer
				where c.flagBaja=1
				group by c.idChofer
				order by fecha_ultima_disponibilidad asc
2020-10-12 03:10:42
SELECT * FROM acercarlogistca.viaje where Chofer_idChofer=0 and estado='PENDIENTE';
2020-10-12 03:11:15
SELECT c.idChofer,c.nombre,c.Apellido,c.disponibilidad,t.descripcion, count(vi.idViaje) as cant
				FROM chofer c 
				join vehiculo v on c.idVehiculo=v.idVehiculo
				join tipodevehiculo t on v.idTipoDeVehiculo=t.idTipoDeVehiculo
				left join viaje vi on vi.Chofer_idChofer=c.idChofer
				where c.flagBaja=1
				group by c.idChofer
				order by fecha_ultima_disponibilidad asc
2020-10-12 03:11:15
SELECT * FROM acercarlogistca.viaje where Chofer_idChofer=0 and estado='PENDIENTE';
2020-10-12 03:11:24

			SELECT *
			FROM usuario
			WHERE idusuario='leito' and contrasena='1234' and flagBaja=1;
		
2020-10-12 03:11:24
SELECT idrol FROM usuario_perfil where idusuario='leito';
2020-10-12 03:11:24
SELECT c.idChofer,c.nombre,c.Apellido,c.disponibilidad,t.descripcion, count(vi.idViaje) as cant
				FROM chofer c 
				join vehiculo v on c.idVehiculo=v.idVehiculo
				join tipodevehiculo t on v.idTipoDeVehiculo=t.idTipoDeVehiculo
				left join viaje vi on vi.Chofer_idChofer=c.idChofer
				where c.flagBaja=1
				group by c.idChofer
				order by fecha_ultima_disponibilidad asc
2020-10-12 03:11:24
SELECT * FROM acercarlogistca.viaje where Chofer_idChofer=0 and estado='PENDIENTE';
